<?xml version="1.0" encoding="UTF-8"?>
<!-- Generated by org.testng.reporters.JUnitReportReporter -->
<testsuite hostname="kemas" failures="0" tests="11" name="com.mohs10.scripts.HomeTest" time="104.964" errors="0" timestamp="2022-05-24T13:23:55 IST" skipped="0">
  <testcase classname="com.mohs10.scripts.HomeTest" name="search_AlphaNumericsTestCase" time="10.545"/>
  <system-out/>
  <testcase classname="com.mohs10.scripts.HomeTest" name="search_NumericsTestCase" time="10.158"/>
  <system-out/>
  <testcase classname="com.mohs10.scripts.HomeTest" name="search_SpclCharTestCase" time="8.026"/>
  <system-out/>
  <testcase classname="com.mohs10.scripts.HomeTest" name="search_SingleCharTestCase" time="10.360"/>
  <system-out/>
  <testcase classname="com.mohs10.scripts.HomeTest" name="searchiPhoneProdTestCase" time="11.230"/>
  <system-out/>
  <testcase classname="com.mohs10.scripts.HomeTest" name="srchTestCase" time="7.849"/>
  <system-out/>
  <testcase classname="com.mohs10.scripts.HomeTest" name="search_AlphaNum_SpclChar_TestCase" time="11.161"/>
  <system-out/>
  <testcase classname="com.mohs10.scripts.HomeTest" name="Review_TestCase" time="14.287"/>
  <system-out/>
  <testcase classname="com.mohs10.scripts.HomeTest" name="searchTestCase" time="8.077"/>
  <system-out/>
  <testcase classname="com.mohs10.scripts.HomeTest" name="searchProdTestCase" time="8.125"/>
  <system-out/>
  <testcase classname="com.mohs10.scripts.HomeTest" name="auto_suggestion_TestCase" time="5.146"/>
  <system-out/>
</testsuite> <!-- com.mohs10.scripts.HomeTest -->
