<?xml version="1.0" encoding="UTF-8"?>
<!-- Generated by org.testng.reporters.JUnitReportReporter -->
<testsuite hostname="kemas" failures="0" tests="1" name="com.mohs10.scripts.Script_Brand" time="20.182" errors="0" timestamp="2022-05-24T13:23:55 IST" skipped="0">
  <testcase classname="com.mohs10.scripts.Script_Brand" name="Script_BrandTestcase" time="20.182"/>
  <system-out/>
</testsuite> <!-- com.mohs10.scripts.Script_Brand -->
